
*** Running vivado
    with args -log pipeline_cpu.vds -m64 -product Vivado -mode batch -messageDb vivado.pb -notrace -source pipeline_cpu.tcl


****** Vivado v2018.3 (64-bit)
  **** SW Build 2405991 on Thu Dec  6 23:38:27 MST 2018
  **** IP Build 2404404 on Fri Dec  7 01:43:56 MST 2018
    ** Copyright 1986-2018 Xilinx, Inc. All Rights Reserved.

source pipeline_cpu.tcl -notrace
Command: synth_design -top pipeline_cpu -part xc7a200tfbg676-2
Starting synth_design
Attempting to get a license for feature 'Synthesis' and/or device 'xc7a200t'
INFO: [Common 17-349] Got license for feature 'Synthesis' and/or device 'xc7a200t'
INFO: Launching helper process for spawning children vivado processes
INFO: Helper process launched with PID 8848 
---------------------------------------------------------------------------------
Starting RTL Elaboration : Time (s): cpu = 00:00:02 ; elapsed = 00:00:03 . Memory (MB): peak = 339.227 ; gain = 78.199
---------------------------------------------------------------------------------
INFO: [Synth 8-6157] synthesizing module 'pipeline_cpu' [D:/Users/12037/Desktop/Loongson cup/loongson_MIPS_demo/pipeline_CU_cpu/pipeline_cpu.srcs/sources_1/imports/LS_CPU_LAB/8_pipeline_cpu/pipeline_cpu.v:9]
INFO: [Synth 8-6157] synthesizing module 'cu' [D:/Users/12037/Desktop/Loongson cup/loongson_MIPS_demo/pipeline_CU_cpu/pipeline_cpu.srcs/sources_1/new/cu.v:21]
INFO: [Synth 8-6155] done synthesizing module 'cu' (1#1) [D:/Users/12037/Desktop/Loongson cup/loongson_MIPS_demo/pipeline_CU_cpu/pipeline_cpu.srcs/sources_1/new/cu.v:21]
INFO: [Synth 8-6157] synthesizing module 'fetch' [D:/Users/12037/Desktop/Loongson cup/loongson_MIPS_demo/pipeline_CU_cpu/pipeline_cpu.srcs/sources_1/imports/LS_CPU_LAB/8_pipeline_cpu/fetch.v:9]
INFO: [Synth 8-6155] done synthesizing module 'fetch' (2#1) [D:/Users/12037/Desktop/Loongson cup/loongson_MIPS_demo/pipeline_CU_cpu/pipeline_cpu.srcs/sources_1/imports/LS_CPU_LAB/8_pipeline_cpu/fetch.v:9]
INFO: [Synth 8-6157] synthesizing module 'decode' [D:/Users/12037/Desktop/Loongson cup/loongson_MIPS_demo/pipeline_CU_cpu/pipeline_cpu.srcs/sources_1/imports/LS_CPU_LAB/8_pipeline_cpu/decode.v:8]
INFO: [Synth 8-6155] done synthesizing module 'decode' (3#1) [D:/Users/12037/Desktop/Loongson cup/loongson_MIPS_demo/pipeline_CU_cpu/pipeline_cpu.srcs/sources_1/imports/LS_CPU_LAB/8_pipeline_cpu/decode.v:8]
INFO: [Synth 8-6157] synthesizing module 'exe' [D:/Users/12037/Desktop/Loongson cup/loongson_MIPS_demo/pipeline_CU_cpu/pipeline_cpu.srcs/sources_1/imports/LS_CPU_LAB/8_pipeline_cpu/exe.v:8]
INFO: [Synth 8-6157] synthesizing module 'alu' [D:/Users/12037/Desktop/Loongson cup/loongson_MIPS_demo/pipeline_CU_cpu/pipeline_cpu.srcs/sources_1/imports/LS_CPU_LAB/8_pipeline_cpu/alu.v:8]
INFO: [Synth 8-6157] synthesizing module 'adder' [D:/Users/12037/Desktop/Loongson cup/loongson_MIPS_demo/pipeline_CU_cpu/pipeline_cpu.srcs/sources_1/imports/LS_CPU_LAB/8_pipeline_cpu/adder.v:8]
INFO: [Synth 8-6155] done synthesizing module 'adder' (4#1) [D:/Users/12037/Desktop/Loongson cup/loongson_MIPS_demo/pipeline_CU_cpu/pipeline_cpu.srcs/sources_1/imports/LS_CPU_LAB/8_pipeline_cpu/adder.v:8]
INFO: [Synth 8-6155] done synthesizing module 'alu' (5#1) [D:/Users/12037/Desktop/Loongson cup/loongson_MIPS_demo/pipeline_CU_cpu/pipeline_cpu.srcs/sources_1/imports/LS_CPU_LAB/8_pipeline_cpu/alu.v:8]
INFO: [Synth 8-6157] synthesizing module 'multiply' [D:/Users/12037/Desktop/Loongson cup/loongson_MIPS_demo/pipeline_CU_cpu/pipeline_cpu.srcs/sources_1/imports/LS_CPU_LAB/8_pipeline_cpu/multiply.v:8]
INFO: [Synth 8-6155] done synthesizing module 'multiply' (6#1) [D:/Users/12037/Desktop/Loongson cup/loongson_MIPS_demo/pipeline_CU_cpu/pipeline_cpu.srcs/sources_1/imports/LS_CPU_LAB/8_pipeline_cpu/multiply.v:8]
INFO: [Synth 8-6155] done synthesizing module 'exe' (7#1) [D:/Users/12037/Desktop/Loongson cup/loongson_MIPS_demo/pipeline_CU_cpu/pipeline_cpu.srcs/sources_1/imports/LS_CPU_LAB/8_pipeline_cpu/exe.v:8]
INFO: [Synth 8-6157] synthesizing module 'mem' [D:/Users/12037/Desktop/Loongson cup/loongson_MIPS_demo/pipeline_CU_cpu/pipeline_cpu.srcs/sources_1/imports/LS_CPU_LAB/8_pipeline_cpu/mem.v:8]
INFO: [Synth 8-226] default block is never used [D:/Users/12037/Desktop/Loongson cup/loongson_MIPS_demo/pipeline_CU_cpu/pipeline_cpu.srcs/sources_1/imports/LS_CPU_LAB/8_pipeline_cpu/mem.v:89]
INFO: [Synth 8-226] default block is never used [D:/Users/12037/Desktop/Loongson cup/loongson_MIPS_demo/pipeline_CU_cpu/pipeline_cpu.srcs/sources_1/imports/LS_CPU_LAB/8_pipeline_cpu/mem.v:107]
INFO: [Synth 8-6155] done synthesizing module 'mem' (8#1) [D:/Users/12037/Desktop/Loongson cup/loongson_MIPS_demo/pipeline_CU_cpu/pipeline_cpu.srcs/sources_1/imports/LS_CPU_LAB/8_pipeline_cpu/mem.v:8]
INFO: [Synth 8-6157] synthesizing module 'wb' [D:/Users/12037/Desktop/Loongson cup/loongson_MIPS_demo/pipeline_CU_cpu/pipeline_cpu.srcs/sources_1/imports/LS_CPU_LAB/8_pipeline_cpu/wb.v:10]
INFO: [Synth 8-6155] done synthesizing module 'wb' (9#1) [D:/Users/12037/Desktop/Loongson cup/loongson_MIPS_demo/pipeline_CU_cpu/pipeline_cpu.srcs/sources_1/imports/LS_CPU_LAB/8_pipeline_cpu/wb.v:10]
INFO: [Synth 8-6157] synthesizing module 'inst_rom' [D:/Users/12037/Desktop/Loongson cup/loongson_MIPS_demo/pipeline_CU_cpu/pipeline_cpu.runs/synth_1/.Xil/Vivado-7104-LG-PC/realtime/inst_rom_stub.v:6]
INFO: [Synth 8-6155] done synthesizing module 'inst_rom' (10#1) [D:/Users/12037/Desktop/Loongson cup/loongson_MIPS_demo/pipeline_CU_cpu/pipeline_cpu.runs/synth_1/.Xil/Vivado-7104-LG-PC/realtime/inst_rom_stub.v:6]
INFO: [Synth 8-6157] synthesizing module 'regfile' [D:/Users/12037/Desktop/Loongson cup/loongson_MIPS_demo/pipeline_CU_cpu/pipeline_cpu.srcs/sources_1/imports/LS_CPU_LAB/8_pipeline_cpu/regfile.v:8]
WARNING: [Synth 8-6014] Unused sequential element rf_reg[0] was removed.  [D:/Users/12037/Desktop/Loongson cup/loongson_MIPS_demo/pipeline_CU_cpu/pipeline_cpu.srcs/sources_1/imports/LS_CPU_LAB/8_pipeline_cpu/regfile.v:31]
INFO: [Synth 8-6155] done synthesizing module 'regfile' (11#1) [D:/Users/12037/Desktop/Loongson cup/loongson_MIPS_demo/pipeline_CU_cpu/pipeline_cpu.srcs/sources_1/imports/LS_CPU_LAB/8_pipeline_cpu/regfile.v:8]
INFO: [Synth 8-6157] synthesizing module 'data_ram' [D:/Users/12037/Desktop/Loongson cup/loongson_MIPS_demo/pipeline_CU_cpu/pipeline_cpu.runs/synth_1/.Xil/Vivado-7104-LG-PC/realtime/data_ram_stub.v:6]
INFO: [Synth 8-6155] done synthesizing module 'data_ram' (12#1) [D:/Users/12037/Desktop/Loongson cup/loongson_MIPS_demo/pipeline_CU_cpu/pipeline_cpu.runs/synth_1/.Xil/Vivado-7104-LG-PC/realtime/data_ram_stub.v:6]
WARNING: [Synth 8-350] instance 'data_ram_module' of module 'data_ram' requires 11 connections, but only 10 given [D:/Users/12037/Desktop/Loongson cup/loongson_MIPS_demo/pipeline_CU_cpu/pipeline_cpu.srcs/sources_1/imports/LS_CPU_LAB/8_pipeline_cpu/pipeline_cpu.v:269]
INFO: [Synth 8-6155] done synthesizing module 'pipeline_cpu' (13#1) [D:/Users/12037/Desktop/Loongson cup/loongson_MIPS_demo/pipeline_CU_cpu/pipeline_cpu.srcs/sources_1/imports/LS_CPU_LAB/8_pipeline_cpu/pipeline_cpu.v:9]
WARNING: [Synth 8-3331] design pipeline_cpu has unconnected port mem_addr[31]
WARNING: [Synth 8-3331] design pipeline_cpu has unconnected port mem_addr[30]
WARNING: [Synth 8-3331] design pipeline_cpu has unconnected port mem_addr[29]
WARNING: [Synth 8-3331] design pipeline_cpu has unconnected port mem_addr[28]
WARNING: [Synth 8-3331] design pipeline_cpu has unconnected port mem_addr[27]
WARNING: [Synth 8-3331] design pipeline_cpu has unconnected port mem_addr[26]
WARNING: [Synth 8-3331] design pipeline_cpu has unconnected port mem_addr[25]
WARNING: [Synth 8-3331] design pipeline_cpu has unconnected port mem_addr[24]
WARNING: [Synth 8-3331] design pipeline_cpu has unconnected port mem_addr[23]
WARNING: [Synth 8-3331] design pipeline_cpu has unconnected port mem_addr[22]
WARNING: [Synth 8-3331] design pipeline_cpu has unconnected port mem_addr[21]
WARNING: [Synth 8-3331] design pipeline_cpu has unconnected port mem_addr[20]
WARNING: [Synth 8-3331] design pipeline_cpu has unconnected port mem_addr[19]
WARNING: [Synth 8-3331] design pipeline_cpu has unconnected port mem_addr[18]
WARNING: [Synth 8-3331] design pipeline_cpu has unconnected port mem_addr[17]
WARNING: [Synth 8-3331] design pipeline_cpu has unconnected port mem_addr[16]
WARNING: [Synth 8-3331] design pipeline_cpu has unconnected port mem_addr[15]
WARNING: [Synth 8-3331] design pipeline_cpu has unconnected port mem_addr[14]
WARNING: [Synth 8-3331] design pipeline_cpu has unconnected port mem_addr[13]
WARNING: [Synth 8-3331] design pipeline_cpu has unconnected port mem_addr[12]
WARNING: [Synth 8-3331] design pipeline_cpu has unconnected port mem_addr[11]
WARNING: [Synth 8-3331] design pipeline_cpu has unconnected port mem_addr[10]
WARNING: [Synth 8-3331] design pipeline_cpu has unconnected port mem_addr[1]
WARNING: [Synth 8-3331] design pipeline_cpu has unconnected port mem_addr[0]
---------------------------------------------------------------------------------
Finished RTL Elaboration : Time (s): cpu = 00:00:03 ; elapsed = 00:00:04 . Memory (MB): peak = 395.285 ; gain = 134.258
---------------------------------------------------------------------------------

Report Check Netlist: 
+------+------------------+-------+---------+-------+------------------+
|      |Item              |Errors |Warnings |Status |Description       |
+------+------------------+-------+---------+-------+------------------+
|1     |multi_driven_nets |      0|        0|Passed |Multi driven nets |
+------+------------------+-------+---------+-------+------------------+
---------------------------------------------------------------------------------
Start Handling Custom Attributes
---------------------------------------------------------------------------------
---------------------------------------------------------------------------------
Finished Handling Custom Attributes : Time (s): cpu = 00:00:04 ; elapsed = 00:00:04 . Memory (MB): peak = 395.285 ; gain = 134.258
---------------------------------------------------------------------------------
---------------------------------------------------------------------------------
Finished RTL Optimization Phase 1 : Time (s): cpu = 00:00:04 ; elapsed = 00:00:04 . Memory (MB): peak = 395.285 ; gain = 134.258
---------------------------------------------------------------------------------
INFO: [Device 21-403] Loading part xc7a200tfbg676-2
INFO: [Project 1-570] Preparing netlist for logic optimization

Processing XDC Constraints
Initializing timing engine
Parsing XDC File [D:/Users/12037/Desktop/Loongson cup/loongson_MIPS_demo/pipeline_CU_cpu/pipeline_cpu.srcs/sources_1/imports/LS_CPU_LAB/8_pipeline_cpu/data_ram/data_ram_in_context.xdc] for cell 'data_ram_module'
Finished Parsing XDC File [D:/Users/12037/Desktop/Loongson cup/loongson_MIPS_demo/pipeline_CU_cpu/pipeline_cpu.srcs/sources_1/imports/LS_CPU_LAB/8_pipeline_cpu/data_ram/data_ram_in_context.xdc] for cell 'data_ram_module'
Parsing XDC File [D:/Users/12037/Desktop/Loongson cup/loongson_MIPS_demo/pipeline_CU_cpu/pipeline_cpu.srcs/sources_1/imports/LS_CPU_LAB/8_pipeline_cpu/inst_rom/inst_rom_in_context.xdc] for cell 'inst_rom_module'
Finished Parsing XDC File [D:/Users/12037/Desktop/Loongson cup/loongson_MIPS_demo/pipeline_CU_cpu/pipeline_cpu.srcs/sources_1/imports/LS_CPU_LAB/8_pipeline_cpu/inst_rom/inst_rom_in_context.xdc] for cell 'inst_rom_module'
Parsing XDC File [D:/Users/12037/Desktop/Loongson cup/loongson_MIPS_demo/pipeline_CU_cpu/pipeline_cpu.srcs/constrs_1/imports/8_pipeline_cpu/pipeline_cpu.xdc]
WARNING: [Vivado 12-584] No ports matched 'btn_clk'. [D:/Users/12037/Desktop/Loongson cup/loongson_MIPS_demo/pipeline_CU_cpu/pipeline_cpu.srcs/constrs_1/imports/8_pipeline_cpu/pipeline_cpu.xdc:8]
WARNING: [Vivado 12-584] No ports matched 'btn_clk'. [D:/Users/12037/Desktop/Loongson cup/loongson_MIPS_demo/pipeline_CU_cpu/pipeline_cpu.srcs/constrs_1/imports/8_pipeline_cpu/pipeline_cpu.xdc:12]
WARNING: [Vivado 12-584] No ports matched 'lcd_rst'. [D:/Users/12037/Desktop/Loongson cup/loongson_MIPS_demo/pipeline_CU_cpu/pipeline_cpu.srcs/constrs_1/imports/8_pipeline_cpu/pipeline_cpu.xdc:15]
WARNING: [Vivado 12-584] No ports matched 'lcd_cs'. [D:/Users/12037/Desktop/Loongson cup/loongson_MIPS_demo/pipeline_CU_cpu/pipeline_cpu.srcs/constrs_1/imports/8_pipeline_cpu/pipeline_cpu.xdc:16]
WARNING: [Vivado 12-584] No ports matched 'lcd_rs'. [D:/Users/12037/Desktop/Loongson cup/loongson_MIPS_demo/pipeline_CU_cpu/pipeline_cpu.srcs/constrs_1/imports/8_pipeline_cpu/pipeline_cpu.xdc:17]
WARNING: [Vivado 12-584] No ports matched 'lcd_wr'. [D:/Users/12037/Desktop/Loongson cup/loongson_MIPS_demo/pipeline_CU_cpu/pipeline_cpu.srcs/constrs_1/imports/8_pipeline_cpu/pipeline_cpu.xdc:18]
WARNING: [Vivado 12-584] No ports matched 'lcd_rd'. [D:/Users/12037/Desktop/Loongson cup/loongson_MIPS_demo/pipeline_CU_cpu/pipeline_cpu.srcs/constrs_1/imports/8_pipeline_cpu/pipeline_cpu.xdc:19]
WARNING: [Vivado 12-584] No ports matched 'lcd_bl_ctr'. [D:/Users/12037/Desktop/Loongson cup/loongson_MIPS_demo/pipeline_CU_cpu/pipeline_cpu.srcs/constrs_1/imports/8_pipeline_cpu/pipeline_cpu.xdc:20]
WARNING: [Vivado 12-584] No ports matched 'lcd_data_io[0]'. [D:/Users/12037/Desktop/Loongson cup/loongson_MIPS_demo/pipeline_CU_cpu/pipeline_cpu.srcs/constrs_1/imports/8_pipeline_cpu/pipeline_cpu.xdc:21]
WARNING: [Vivado 12-584] No ports matched 'lcd_data_io[1]'. [D:/Users/12037/Desktop/Loongson cup/loongson_MIPS_demo/pipeline_CU_cpu/pipeline_cpu.srcs/constrs_1/imports/8_pipeline_cpu/pipeline_cpu.xdc:22]
WARNING: [Vivado 12-584] No ports matched 'lcd_data_io[2]'. [D:/Users/12037/Desktop/Loongson cup/loongson_MIPS_demo/pipeline_CU_cpu/pipeline_cpu.srcs/constrs_1/imports/8_pipeline_cpu/pipeline_cpu.xdc:23]
WARNING: [Vivado 12-584] No ports matched 'lcd_data_io[3]'. [D:/Users/12037/Desktop/Loongson cup/loongson_MIPS_demo/pipeline_CU_cpu/pipeline_cpu.srcs/constrs_1/imports/8_pipeline_cpu/pipeline_cpu.xdc:24]
WARNING: [Vivado 12-584] No ports matched 'lcd_data_io[4]'. [D:/Users/12037/Desktop/Loongson cup/loongson_MIPS_demo/pipeline_CU_cpu/pipeline_cpu.srcs/constrs_1/imports/8_pipeline_cpu/pipeline_cpu.xdc:25]
WARNING: [Vivado 12-584] No ports matched 'lcd_data_io[5]'. [D:/Users/12037/Desktop/Loongson cup/loongson_MIPS_demo/pipeline_CU_cpu/pipeline_cpu.srcs/constrs_1/imports/8_pipeline_cpu/pipeline_cpu.xdc:26]
WARNING: [Vivado 12-584] No ports matched 'lcd_data_io[6]'. [D:/Users/12037/Desktop/Loongson cup/loongson_MIPS_demo/pipeline_CU_cpu/pipeline_cpu.srcs/constrs_1/imports/8_pipeline_cpu/pipeline_cpu.xdc:27]
WARNING: [Vivado 12-584] No ports matched 'lcd_data_io[7]'. [D:/Users/12037/Desktop/Loongson cup/loongson_MIPS_demo/pipeline_CU_cpu/pipeline_cpu.srcs/constrs_1/imports/8_pipeline_cpu/pipeline_cpu.xdc:28]
WARNING: [Vivado 12-584] No ports matched 'lcd_data_io[8]'. [D:/Users/12037/Desktop/Loongson cup/loongson_MIPS_demo/pipeline_CU_cpu/pipeline_cpu.srcs/constrs_1/imports/8_pipeline_cpu/pipeline_cpu.xdc:29]
WARNING: [Vivado 12-584] No ports matched 'lcd_data_io[9]'. [D:/Users/12037/Desktop/Loongson cup/loongson_MIPS_demo/pipeline_CU_cpu/pipeline_cpu.srcs/constrs_1/imports/8_pipeline_cpu/pipeline_cpu.xdc:30]
WARNING: [Vivado 12-584] No ports matched 'lcd_data_io[10]'. [D:/Users/12037/Desktop/Loongson cup/loongson_MIPS_demo/pipeline_CU_cpu/pipeline_cpu.srcs/constrs_1/imports/8_pipeline_cpu/pipeline_cpu.xdc:31]
WARNING: [Vivado 12-584] No ports matched 'lcd_data_io[11]'. [D:/Users/12037/Desktop/Loongson cup/loongson_MIPS_demo/pipeline_CU_cpu/pipeline_cpu.srcs/constrs_1/imports/8_pipeline_cpu/pipeline_cpu.xdc:32]
WARNING: [Vivado 12-584] No ports matched 'lcd_data_io[12]'. [D:/Users/12037/Desktop/Loongson cup/loongson_MIPS_demo/pipeline_CU_cpu/pipeline_cpu.srcs/constrs_1/imports/8_pipeline_cpu/pipeline_cpu.xdc:33]
WARNING: [Vivado 12-584] No ports matched 'lcd_data_io[13]'. [D:/Users/12037/Desktop/Loongson cup/loongson_MIPS_demo/pipeline_CU_cpu/pipeline_cpu.srcs/constrs_1/imports/8_pipeline_cpu/pipeline_cpu.xdc:34]
WARNING: [Vivado 12-584] No ports matched 'lcd_data_io[14]'. [D:/Users/12037/Desktop/Loongson cup/loongson_MIPS_demo/pipeline_CU_cpu/pipeline_cpu.srcs/constrs_1/imports/8_pipeline_cpu/pipeline_cpu.xdc:35]
WARNING: [Vivado 12-584] No ports matched 'lcd_data_io[15]'. [D:/Users/12037/Desktop/Loongson cup/loongson_MIPS_demo/pipeline_CU_cpu/pipeline_cpu.srcs/constrs_1/imports/8_pipeline_cpu/pipeline_cpu.xdc:36]
WARNING: [Vivado 12-584] No ports matched 'ct_int'. [D:/Users/12037/Desktop/Loongson cup/loongson_MIPS_demo/pipeline_CU_cpu/pipeline_cpu.srcs/constrs_1/imports/8_pipeline_cpu/pipeline_cpu.xdc:37]
WARNING: [Vivado 12-584] No ports matched 'ct_sda'. [D:/Users/12037/Desktop/Loongson cup/loongson_MIPS_demo/pipeline_CU_cpu/pipeline_cpu.srcs/constrs_1/imports/8_pipeline_cpu/pipeline_cpu.xdc:38]
WARNING: [Vivado 12-584] No ports matched 'ct_scl'. [D:/Users/12037/Desktop/Loongson cup/loongson_MIPS_demo/pipeline_CU_cpu/pipeline_cpu.srcs/constrs_1/imports/8_pipeline_cpu/pipeline_cpu.xdc:39]
WARNING: [Vivado 12-584] No ports matched 'ct_rstn'. [D:/Users/12037/Desktop/Loongson cup/loongson_MIPS_demo/pipeline_CU_cpu/pipeline_cpu.srcs/constrs_1/imports/8_pipeline_cpu/pipeline_cpu.xdc:40]
WARNING: [Vivado 12-584] No ports matched 'lcd_rst'. [D:/Users/12037/Desktop/Loongson cup/loongson_MIPS_demo/pipeline_CU_cpu/pipeline_cpu.srcs/constrs_1/imports/8_pipeline_cpu/pipeline_cpu.xdc:42]
WARNING: [Vivado 12-584] No ports matched 'lcd_cs'. [D:/Users/12037/Desktop/Loongson cup/loongson_MIPS_demo/pipeline_CU_cpu/pipeline_cpu.srcs/constrs_1/imports/8_pipeline_cpu/pipeline_cpu.xdc:43]
WARNING: [Vivado 12-584] No ports matched 'lcd_rs'. [D:/Users/12037/Desktop/Loongson cup/loongson_MIPS_demo/pipeline_CU_cpu/pipeline_cpu.srcs/constrs_1/imports/8_pipeline_cpu/pipeline_cpu.xdc:44]
WARNING: [Vivado 12-584] No ports matched 'lcd_wr'. [D:/Users/12037/Desktop/Loongson cup/loongson_MIPS_demo/pipeline_CU_cpu/pipeline_cpu.srcs/constrs_1/imports/8_pipeline_cpu/pipeline_cpu.xdc:45]
WARNING: [Vivado 12-584] No ports matched 'lcd_rd'. [D:/Users/12037/Desktop/Loongson cup/loongson_MIPS_demo/pipeline_CU_cpu/pipeline_cpu.srcs/constrs_1/imports/8_pipeline_cpu/pipeline_cpu.xdc:46]
WARNING: [Vivado 12-584] No ports matched 'lcd_bl_ctr'. [D:/Users/12037/Desktop/Loongson cup/loongson_MIPS_demo/pipeline_CU_cpu/pipeline_cpu.srcs/constrs_1/imports/8_pipeline_cpu/pipeline_cpu.xdc:47]
WARNING: [Vivado 12-584] No ports matched 'lcd_data_io[0]'. [D:/Users/12037/Desktop/Loongson cup/loongson_MIPS_demo/pipeline_CU_cpu/pipeline_cpu.srcs/constrs_1/imports/8_pipeline_cpu/pipeline_cpu.xdc:48]
WARNING: [Vivado 12-584] No ports matched 'lcd_data_io[1]'. [D:/Users/12037/Desktop/Loongson cup/loongson_MIPS_demo/pipeline_CU_cpu/pipeline_cpu.srcs/constrs_1/imports/8_pipeline_cpu/pipeline_cpu.xdc:49]
WARNING: [Vivado 12-584] No ports matched 'lcd_data_io[2]'. [D:/Users/12037/Desktop/Loongson cup/loongson_MIPS_demo/pipeline_CU_cpu/pipeline_cpu.srcs/constrs_1/imports/8_pipeline_cpu/pipeline_cpu.xdc:50]
WARNING: [Vivado 12-584] No ports matched 'lcd_data_io[3]'. [D:/Users/12037/Desktop/Loongson cup/loongson_MIPS_demo/pipeline_CU_cpu/pipeline_cpu.srcs/constrs_1/imports/8_pipeline_cpu/pipeline_cpu.xdc:51]
WARNING: [Vivado 12-584] No ports matched 'lcd_data_io[4]'. [D:/Users/12037/Desktop/Loongson cup/loongson_MIPS_demo/pipeline_CU_cpu/pipeline_cpu.srcs/constrs_1/imports/8_pipeline_cpu/pipeline_cpu.xdc:52]
WARNING: [Vivado 12-584] No ports matched 'lcd_data_io[5]'. [D:/Users/12037/Desktop/Loongson cup/loongson_MIPS_demo/pipeline_CU_cpu/pipeline_cpu.srcs/constrs_1/imports/8_pipeline_cpu/pipeline_cpu.xdc:53]
WARNING: [Vivado 12-584] No ports matched 'lcd_data_io[6]'. [D:/Users/12037/Desktop/Loongson cup/loongson_MIPS_demo/pipeline_CU_cpu/pipeline_cpu.srcs/constrs_1/imports/8_pipeline_cpu/pipeline_cpu.xdc:54]
WARNING: [Vivado 12-584] No ports matched 'lcd_data_io[7]'. [D:/Users/12037/Desktop/Loongson cup/loongson_MIPS_demo/pipeline_CU_cpu/pipeline_cpu.srcs/constrs_1/imports/8_pipeline_cpu/pipeline_cpu.xdc:55]
WARNING: [Vivado 12-584] No ports matched 'lcd_data_io[8]'. [D:/Users/12037/Desktop/Loongson cup/loongson_MIPS_demo/pipeline_CU_cpu/pipeline_cpu.srcs/constrs_1/imports/8_pipeline_cpu/pipeline_cpu.xdc:56]
WARNING: [Vivado 12-584] No ports matched 'lcd_data_io[9]'. [D:/Users/12037/Desktop/Loongson cup/loongson_MIPS_demo/pipeline_CU_cpu/pipeline_cpu.srcs/constrs_1/imports/8_pipeline_cpu/pipeline_cpu.xdc:57]
WARNING: [Vivado 12-584] No ports matched 'lcd_data_io[10]'. [D:/Users/12037/Desktop/Loongson cup/loongson_MIPS_demo/pipeline_CU_cpu/pipeline_cpu.srcs/constrs_1/imports/8_pipeline_cpu/pipeline_cpu.xdc:58]
WARNING: [Vivado 12-584] No ports matched 'lcd_data_io[11]'. [D:/Users/12037/Desktop/Loongson cup/loongson_MIPS_demo/pipeline_CU_cpu/pipeline_cpu.srcs/constrs_1/imports/8_pipeline_cpu/pipeline_cpu.xdc:59]
WARNING: [Vivado 12-584] No ports matched 'lcd_data_io[12]'. [D:/Users/12037/Desktop/Loongson cup/loongson_MIPS_demo/pipeline_CU_cpu/pipeline_cpu.srcs/constrs_1/imports/8_pipeline_cpu/pipeline_cpu.xdc:60]
WARNING: [Vivado 12-584] No ports matched 'lcd_data_io[13]'. [D:/Users/12037/Desktop/Loongson cup/loongson_MIPS_demo/pipeline_CU_cpu/pipeline_cpu.srcs/constrs_1/imports/8_pipeline_cpu/pipeline_cpu.xdc:61]
WARNING: [Vivado 12-584] No ports matched 'lcd_data_io[14]'. [D:/Users/12037/Desktop/Loongson cup/loongson_MIPS_demo/pipeline_CU_cpu/pipeline_cpu.srcs/constrs_1/imports/8_pipeline_cpu/pipeline_cpu.xdc:62]
WARNING: [Vivado 12-584] No ports matched 'lcd_data_io[15]'. [D:/Users/12037/Desktop/Loongson cup/loongson_MIPS_demo/pipeline_CU_cpu/pipeline_cpu.srcs/constrs_1/imports/8_pipeline_cpu/pipeline_cpu.xdc:63]
WARNING: [Vivado 12-584] No ports matched 'ct_int'. [D:/Users/12037/Desktop/Loongson cup/loongson_MIPS_demo/pipeline_CU_cpu/pipeline_cpu.srcs/constrs_1/imports/8_pipeline_cpu/pipeline_cpu.xdc:64]
WARNING: [Vivado 12-584] No ports matched 'ct_sda'. [D:/Users/12037/Desktop/Loongson cup/loongson_MIPS_demo/pipeline_CU_cpu/pipeline_cpu.srcs/constrs_1/imports/8_pipeline_cpu/pipeline_cpu.xdc:65]
WARNING: [Vivado 12-584] No ports matched 'ct_scl'. [D:/Users/12037/Desktop/Loongson cup/loongson_MIPS_demo/pipeline_CU_cpu/pipeline_cpu.srcs/constrs_1/imports/8_pipeline_cpu/pipeline_cpu.xdc:66]
WARNING: [Vivado 12-584] No ports matched 'ct_rstn'. [D:/Users/12037/Desktop/Loongson cup/loongson_MIPS_demo/pipeline_CU_cpu/pipeline_cpu.srcs/constrs_1/imports/8_pipeline_cpu/pipeline_cpu.xdc:67]
WARNING: [Vivado 12-584] No ports matched 'btn_clk'. [D:/Users/12037/Desktop/Loongson cup/loongson_MIPS_demo/pipeline_CU_cpu/pipeline_cpu.srcs/constrs_1/imports/8_pipeline_cpu/pipeline_cpu.xdc:69]
Finished Parsing XDC File [D:/Users/12037/Desktop/Loongson cup/loongson_MIPS_demo/pipeline_CU_cpu/pipeline_cpu.srcs/constrs_1/imports/8_pipeline_cpu/pipeline_cpu.xdc]
WARNING: [Project 1-498] One or more constraints failed evaluation while reading constraint file [D:/Users/12037/Desktop/Loongson cup/loongson_MIPS_demo/pipeline_CU_cpu/pipeline_cpu.srcs/constrs_1/imports/8_pipeline_cpu/pipeline_cpu.xdc] and the design contains unresolved black boxes. These constraints will be read post-synthesis (as long as their source constraint file is marked as used_in_implementation) and should be applied correctly then. You should review the constraints listed in the file [.Xil/pipeline_cpu_propImpl.xdc] and check the run log file to verify that these constraints were correctly applied.
INFO: [Project 1-236] Implementation specific constraints were found while reading constraint file [D:/Users/12037/Desktop/Loongson cup/loongson_MIPS_demo/pipeline_CU_cpu/pipeline_cpu.srcs/constrs_1/imports/8_pipeline_cpu/pipeline_cpu.xdc]. These constraints will be ignored for synthesis but will be used in implementation. Impacted constraints are listed in the file [.Xil/pipeline_cpu_propImpl.xdc].
Resolution: To avoid this warning, move constraints listed in [.Xil/pipeline_cpu_propImpl.xdc] to another XDC file and exclude this new file from synthesis with the used_in_synthesis property (File Properties dialog in GUI) and re-run elaboration/synthesis.
Netlist sorting complete. Time (s): cpu = 00:00:00 ; elapsed = 00:00:00.001 . Memory (MB): peak = 793.418 ; gain = 0.000
Completed Processing XDC Constraints

Netlist sorting complete. Time (s): cpu = 00:00:00 ; elapsed = 00:00:00.001 . Memory (MB): peak = 793.418 ; gain = 0.000
INFO: [Project 1-111] Unisim Transformation Summary:
No Unisim elements were transformed.

Netlist sorting complete. Time (s): cpu = 00:00:00 ; elapsed = 00:00:00.001 . Memory (MB): peak = 793.418 ; gain = 0.000
Constraint Validation Runtime : Time (s): cpu = 00:00:00 ; elapsed = 00:00:00.013 . Memory (MB): peak = 793.418 ; gain = 0.000
---------------------------------------------------------------------------------
Finished Constraint Validation : Time (s): cpu = 00:00:13 ; elapsed = 00:00:15 . Memory (MB): peak = 793.418 ; gain = 532.391
---------------------------------------------------------------------------------
---------------------------------------------------------------------------------
Start Loading Part and Timing Information
---------------------------------------------------------------------------------
Loading part: xc7a200tfbg676-2
---------------------------------------------------------------------------------
Finished Loading Part and Timing Information : Time (s): cpu = 00:00:13 ; elapsed = 00:00:15 . Memory (MB): peak = 793.418 ; gain = 532.391
---------------------------------------------------------------------------------
---------------------------------------------------------------------------------
Start Applying 'set_property' XDC Constraints
---------------------------------------------------------------------------------
---------------------------------------------------------------------------------
Finished applying 'set_property' XDC Constraints : Time (s): cpu = 00:00:13 ; elapsed = 00:00:15 . Memory (MB): peak = 793.418 ; gain = 532.391
---------------------------------------------------------------------------------
INFO: [Synth 8-5546] ROM "rf_reg[31]" won't be mapped to RAM because it is too sparse
INFO: [Synth 8-5546] ROM "rf_reg[30]" won't be mapped to RAM because it is too sparse
INFO: [Synth 8-5546] ROM "rf_reg[29]" won't be mapped to RAM because it is too sparse
INFO: [Synth 8-5546] ROM "rf_reg[28]" won't be mapped to RAM because it is too sparse
INFO: [Synth 8-5546] ROM "rf_reg[27]" won't be mapped to RAM because it is too sparse
INFO: [Synth 8-5546] ROM "rf_reg[26]" won't be mapped to RAM because it is too sparse
INFO: [Synth 8-5546] ROM "rf_reg[25]" won't be mapped to RAM because it is too sparse
INFO: [Synth 8-5546] ROM "rf_reg[24]" won't be mapped to RAM because it is too sparse
INFO: [Synth 8-5546] ROM "rf_reg[23]" won't be mapped to RAM because it is too sparse
INFO: [Synth 8-5546] ROM "rf_reg[22]" won't be mapped to RAM because it is too sparse
INFO: [Synth 8-5546] ROM "rf_reg[21]" won't be mapped to RAM because it is too sparse
INFO: [Synth 8-5546] ROM "rf_reg[20]" won't be mapped to RAM because it is too sparse
INFO: [Synth 8-5546] ROM "rf_reg[19]" won't be mapped to RAM because it is too sparse
INFO: [Synth 8-5546] ROM "rf_reg[18]" won't be mapped to RAM because it is too sparse
INFO: [Synth 8-5546] ROM "rf_reg[17]" won't be mapped to RAM because it is too sparse
INFO: [Synth 8-5546] ROM "rf_reg[16]" won't be mapped to RAM because it is too sparse
INFO: [Synth 8-5546] ROM "rf_reg[15]" won't be mapped to RAM because it is too sparse
INFO: [Synth 8-5546] ROM "rf_reg[14]" won't be mapped to RAM because it is too sparse
INFO: [Synth 8-5546] ROM "rf_reg[13]" won't be mapped to RAM because it is too sparse
INFO: [Synth 8-5546] ROM "rf_reg[12]" won't be mapped to RAM because it is too sparse
INFO: [Synth 8-5546] ROM "rf_reg[11]" won't be mapped to RAM because it is too sparse
INFO: [Synth 8-5546] ROM "rf_reg[10]" won't be mapped to RAM because it is too sparse
INFO: [Synth 8-5546] ROM "rf_reg[9]" won't be mapped to RAM because it is too sparse
INFO: [Synth 8-5546] ROM "rf_reg[8]" won't be mapped to RAM because it is too sparse
INFO: [Synth 8-5546] ROM "rf_reg[7]" won't be mapped to RAM because it is too sparse
INFO: [Synth 8-5546] ROM "rf_reg[6]" won't be mapped to RAM because it is too sparse
INFO: [Synth 8-5546] ROM "rf_reg[5]" won't be mapped to RAM because it is too sparse
INFO: [Synth 8-5546] ROM "rf_reg[4]" won't be mapped to RAM because it is too sparse
INFO: [Synth 8-5546] ROM "rf_reg[3]" won't be mapped to RAM because it is too sparse
INFO: [Synth 8-5546] ROM "rf_reg[2]" won't be mapped to RAM because it is too sparse
INFO: [Synth 8-5546] ROM "rf_reg[1]" won't be mapped to RAM because it is too sparse
---------------------------------------------------------------------------------
Finished RTL Optimization Phase 2 : Time (s): cpu = 00:00:14 ; elapsed = 00:00:16 . Memory (MB): peak = 793.418 ; gain = 532.391
---------------------------------------------------------------------------------

Report RTL Partitions: 
+-+--------------+------------+----------+
| |RTL Partition |Replication |Instances |
+-+--------------+------------+----------+
+-+--------------+------------+----------+
---------------------------------------------------------------------------------
Start RTL Component Statistics 
---------------------------------------------------------------------------------
Detailed RTL Component Info : 
+---Adders : 
	   2 Input     64 Bit       Adders := 1     
	   3 Input     33 Bit       Adders := 1     
	   2 Input     32 Bit       Adders := 3     
	   2 Input     30 Bit       Adders := 2     
+---XORs : 
	   2 Input     32 Bit         XORs := 1     
	   2 Input      1 Bit         XORs := 2     
+---Registers : 
	              167 Bit    Registers := 1     
	              154 Bit    Registers := 1     
	              118 Bit    Registers := 1     
	               64 Bit    Registers := 2     
	               32 Bit    Registers := 36    
	                5 Bit    Registers := 1     
	                1 Bit    Registers := 10    
+---Muxes : 
	   2 Input     64 Bit        Muxes := 3     
	   4 Input     32 Bit        Muxes := 2     
	   2 Input     32 Bit        Muxes := 29    
	   2 Input     24 Bit        Muxes := 1     
	   4 Input      8 Bit        Muxes := 1     
	   2 Input      5 Bit        Muxes := 3     
	   6 Input      4 Bit        Muxes := 1     
	   2 Input      1 Bit        Muxes := 34    
	   4 Input      1 Bit        Muxes := 1     
---------------------------------------------------------------------------------
Finished RTL Component Statistics 
---------------------------------------------------------------------------------
---------------------------------------------------------------------------------
Start RTL Hierarchical Component Statistics 
---------------------------------------------------------------------------------
Hierarchical RTL Component report 
Module pipeline_cpu 
Detailed RTL Component Info : 
+---Registers : 
	              167 Bit    Registers := 1     
	              154 Bit    Registers := 1     
	              118 Bit    Registers := 1     
	               64 Bit    Registers := 1     
Module cu 
Detailed RTL Component Info : 
+---Registers : 
	                1 Bit    Registers := 5     
Module fetch 
Detailed RTL Component Info : 
+---Adders : 
	   2 Input     30 Bit       Adders := 1     
+---Registers : 
	               32 Bit    Registers := 1     
	                1 Bit    Registers := 1     
+---Muxes : 
	   4 Input     32 Bit        Muxes := 1     
	   2 Input     32 Bit        Muxes := 2     
Module decode 
Detailed RTL Component Info : 
+---Adders : 
	   2 Input     32 Bit       Adders := 1     
	   2 Input     30 Bit       Adders := 1     
+---Muxes : 
	   2 Input     32 Bit        Muxes := 7     
	   2 Input      5 Bit        Muxes := 3     
Module adder 
Detailed RTL Component Info : 
+---Adders : 
	   3 Input     33 Bit       Adders := 1     
Module alu 
Detailed RTL Component Info : 
+---XORs : 
	   2 Input     32 Bit         XORs := 1     
	   2 Input      1 Bit         XORs := 1     
+---Muxes : 
	   2 Input     32 Bit        Muxes := 6     
Module multiply 
Detailed RTL Component Info : 
+---Adders : 
	   2 Input     64 Bit       Adders := 1     
	   2 Input     32 Bit       Adders := 2     
+---XORs : 
	   2 Input      1 Bit         XORs := 1     
+---Registers : 
	               64 Bit    Registers := 1     
	               32 Bit    Registers := 1     
	                1 Bit    Registers := 2     
+---Muxes : 
	   2 Input     64 Bit        Muxes := 3     
	   2 Input     32 Bit        Muxes := 3     
	   2 Input      1 Bit        Muxes := 1     
Module exe 
Detailed RTL Component Info : 
+---Muxes : 
	   2 Input     32 Bit        Muxes := 4     
Module mem 
Detailed RTL Component Info : 
+---Registers : 
	                1 Bit    Registers := 1     
+---Muxes : 
	   4 Input     32 Bit        Muxes := 1     
	   2 Input     32 Bit        Muxes := 1     
	   2 Input     24 Bit        Muxes := 1     
	   4 Input      8 Bit        Muxes := 1     
	   6 Input      4 Bit        Muxes := 1     
	   2 Input      1 Bit        Muxes := 1     
	   4 Input      1 Bit        Muxes := 1     
Module wb 
Detailed RTL Component Info : 
+---Registers : 
	               32 Bit    Registers := 3     
	                5 Bit    Registers := 1     
	                1 Bit    Registers := 1     
+---Muxes : 
	   2 Input     32 Bit        Muxes := 6     
	   2 Input      1 Bit        Muxes := 1     
Module regfile 
Detailed RTL Component Info : 
+---Registers : 
	               32 Bit    Registers := 31    
+---Muxes : 
	   2 Input      1 Bit        Muxes := 31    
---------------------------------------------------------------------------------
Finished RTL Hierarchical Component Statistics
---------------------------------------------------------------------------------
---------------------------------------------------------------------------------
Start Part Resource Summary
---------------------------------------------------------------------------------
Part Resources:
DSPs: 740 (col length:100)
BRAMs: 730 (col length: RAMB18 100 RAMB36 50)
---------------------------------------------------------------------------------
Finished Part Resource Summary
---------------------------------------------------------------------------------
---------------------------------------------------------------------------------
Start Cross Boundary and Area Optimization
---------------------------------------------------------------------------------
Warning: Parallel synthesis criteria is not met 
WARNING: [Synth 8-3917] design pipeline_cpu has port cpu_5_valid[31] driven by constant 0
WARNING: [Synth 8-3917] design pipeline_cpu has port cpu_5_valid[30] driven by constant 0
WARNING: [Synth 8-3917] design pipeline_cpu has port cpu_5_valid[29] driven by constant 0
WARNING: [Synth 8-3917] design pipeline_cpu has port cpu_5_valid[28] driven by constant 0
WARNING: [Synth 8-3917] design pipeline_cpu has port cpu_5_valid[27] driven by constant 0
WARNING: [Synth 8-3917] design pipeline_cpu has port cpu_5_valid[26] driven by constant 0
WARNING: [Synth 8-3917] design pipeline_cpu has port cpu_5_valid[25] driven by constant 0
WARNING: [Synth 8-3917] design pipeline_cpu has port cpu_5_valid[24] driven by constant 0
WARNING: [Synth 8-3917] design pipeline_cpu has port cpu_5_valid[23] driven by constant 0
WARNING: [Synth 8-3917] design pipeline_cpu has port cpu_5_valid[22] driven by constant 0
WARNING: [Synth 8-3917] design pipeline_cpu has port cpu_5_valid[21] driven by constant 0
WARNING: [Synth 8-3917] design pipeline_cpu has port cpu_5_valid[20] driven by constant 0
WARNING: [Synth 8-3331] design pipeline_cpu has unconnected port mem_addr[31]
WARNING: [Synth 8-3331] design pipeline_cpu has unconnected port mem_addr[30]
WARNING: [Synth 8-3331] design pipeline_cpu has unconnected port mem_addr[29]
WARNING: [Synth 8-3331] design pipeline_cpu has unconnected port mem_addr[28]
WARNING: [Synth 8-3331] design pipeline_cpu has unconnected port mem_addr[27]
WARNING: [Synth 8-3331] design pipeline_cpu has unconnected port mem_addr[26]
WARNING: [Synth 8-3331] design pipeline_cpu has unconnected port mem_addr[25]
WARNING: [Synth 8-3331] design pipeline_cpu has unconnected port mem_addr[24]
WARNING: [Synth 8-3331] design pipeline_cpu has unconnected port mem_addr[23]
WARNING: [Synth 8-3331] design pipeline_cpu has unconnected port mem_addr[22]
WARNING: [Synth 8-3331] design pipeline_cpu has unconnected port mem_addr[21]
WARNING: [Synth 8-3331] design pipeline_cpu has unconnected port mem_addr[20]
WARNING: [Synth 8-3331] design pipeline_cpu has unconnected port mem_addr[19]
WARNING: [Synth 8-3331] design pipeline_cpu has unconnected port mem_addr[18]
WARNING: [Synth 8-3331] design pipeline_cpu has unconnected port mem_addr[17]
WARNING: [Synth 8-3331] design pipeline_cpu has unconnected port mem_addr[16]
WARNING: [Synth 8-3331] design pipeline_cpu has unconnected port mem_addr[15]
WARNING: [Synth 8-3331] design pipeline_cpu has unconnected port mem_addr[14]
WARNING: [Synth 8-3331] design pipeline_cpu has unconnected port mem_addr[13]
WARNING: [Synth 8-3331] design pipeline_cpu has unconnected port mem_addr[12]
WARNING: [Synth 8-3331] design pipeline_cpu has unconnected port mem_addr[11]
WARNING: [Synth 8-3331] design pipeline_cpu has unconnected port mem_addr[10]
WARNING: [Synth 8-3331] design pipeline_cpu has unconnected port mem_addr[1]
WARNING: [Synth 8-3331] design pipeline_cpu has unconnected port mem_addr[0]
INFO: [Synth 8-3886] merging instance 'WB_module/cause_exc_code_r_reg[0]' (FDRE) to 'WB_module/cause_exc_code_r_reg[4]'
INFO: [Synth 8-3886] merging instance 'WB_module/cause_exc_code_r_reg[1]' (FDRE) to 'WB_module/cause_exc_code_r_reg[4]'
INFO: [Synth 8-3886] merging instance 'WB_module/cause_exc_code_r_reg[2]' (FDRE) to 'WB_module/cause_exc_code_r_reg[4]'
INFO: [Synth 8-3333] propagating constant 1 across sequential element (WB_module/\cause_exc_code_r_reg[3] )
INFO: [Synth 8-3333] propagating constant 0 across sequential element (WB_module/\cause_exc_code_r_reg[4] )
---------------------------------------------------------------------------------
Finished Cross Boundary and Area Optimization : Time (s): cpu = 00:00:25 ; elapsed = 00:00:27 . Memory (MB): peak = 793.418 ; gain = 532.391
---------------------------------------------------------------------------------

Report RTL Partitions: 
+-+--------------+------------+----------+
| |RTL Partition |Replication |Instances |
+-+--------------+------------+----------+
+-+--------------+------------+----------+
---------------------------------------------------------------------------------
Start Applying XDC Timing Constraints
---------------------------------------------------------------------------------
---------------------------------------------------------------------------------
Finished Applying XDC Timing Constraints : Time (s): cpu = 00:00:33 ; elapsed = 00:00:35 . Memory (MB): peak = 793.418 ; gain = 532.391
---------------------------------------------------------------------------------
---------------------------------------------------------------------------------
Start Timing Optimization
---------------------------------------------------------------------------------
---------------------------------------------------------------------------------
Finished Timing Optimization : Time (s): cpu = 00:00:34 ; elapsed = 00:00:36 . Memory (MB): peak = 793.418 ; gain = 532.391
---------------------------------------------------------------------------------

Report RTL Partitions: 
+-+--------------+------------+----------+
| |RTL Partition |Replication |Instances |
+-+--------------+------------+----------+
+-+--------------+------------+----------+
---------------------------------------------------------------------------------
Start Technology Mapping
---------------------------------------------------------------------------------
---------------------------------------------------------------------------------
Finished Technology Mapping : Time (s): cpu = 00:00:35 ; elapsed = 00:00:37 . Memory (MB): peak = 852.648 ; gain = 591.621
---------------------------------------------------------------------------------

Report RTL Partitions: 
+-+--------------+------------+----------+
| |RTL Partition |Replication |Instances |
+-+--------------+------------+----------+
+-+--------------+------------+----------+
---------------------------------------------------------------------------------
Start IO Insertion
---------------------------------------------------------------------------------
---------------------------------------------------------------------------------
Start Flattening Before IO Insertion
---------------------------------------------------------------------------------
---------------------------------------------------------------------------------
Finished Flattening Before IO Insertion
---------------------------------------------------------------------------------
---------------------------------------------------------------------------------
Start Final Netlist Cleanup
---------------------------------------------------------------------------------
---------------------------------------------------------------------------------
Finished Final Netlist Cleanup
---------------------------------------------------------------------------------
CRITICAL WARNING: [Synth 8-4442] BlackBox module data_ram_module has unconnected pin enb
---------------------------------------------------------------------------------
Finished IO Insertion : Time (s): cpu = 00:00:37 ; elapsed = 00:00:38 . Memory (MB): peak = 852.648 ; gain = 591.621
---------------------------------------------------------------------------------

Report Check Netlist: 
+------+------------------+-------+---------+-------+------------------+
|      |Item              |Errors |Warnings |Status |Description       |
+------+------------------+-------+---------+-------+------------------+
|1     |multi_driven_nets |      0|        0|Passed |Multi driven nets |
+------+------------------+-------+---------+-------+------------------+
---------------------------------------------------------------------------------
Start Renaming Generated Instances
---------------------------------------------------------------------------------
---------------------------------------------------------------------------------
Finished Renaming Generated Instances : Time (s): cpu = 00:00:37 ; elapsed = 00:00:39 . Memory (MB): peak = 852.648 ; gain = 591.621
---------------------------------------------------------------------------------

Report RTL Partitions: 
+-+--------------+------------+----------+
| |RTL Partition |Replication |Instances |
+-+--------------+------------+----------+
+-+--------------+------------+----------+
---------------------------------------------------------------------------------
Start Rebuilding User Hierarchy
---------------------------------------------------------------------------------
---------------------------------------------------------------------------------
Finished Rebuilding User Hierarchy : Time (s): cpu = 00:00:37 ; elapsed = 00:00:39 . Memory (MB): peak = 852.648 ; gain = 591.621
---------------------------------------------------------------------------------
---------------------------------------------------------------------------------
Start Renaming Generated Ports
---------------------------------------------------------------------------------
---------------------------------------------------------------------------------
Finished Renaming Generated Ports : Time (s): cpu = 00:00:37 ; elapsed = 00:00:39 . Memory (MB): peak = 852.648 ; gain = 591.621
---------------------------------------------------------------------------------
---------------------------------------------------------------------------------
Start Handling Custom Attributes
---------------------------------------------------------------------------------
---------------------------------------------------------------------------------
Finished Handling Custom Attributes : Time (s): cpu = 00:00:37 ; elapsed = 00:00:39 . Memory (MB): peak = 852.648 ; gain = 591.621
---------------------------------------------------------------------------------
---------------------------------------------------------------------------------
Start Renaming Generated Nets
---------------------------------------------------------------------------------
---------------------------------------------------------------------------------
Finished Renaming Generated Nets : Time (s): cpu = 00:00:37 ; elapsed = 00:00:39 . Memory (MB): peak = 852.648 ; gain = 591.621
---------------------------------------------------------------------------------
---------------------------------------------------------------------------------
Start Writing Synthesis Report
---------------------------------------------------------------------------------

Report BlackBoxes: 
+------+--------------+----------+
|      |BlackBox name |Instances |
+------+--------------+----------+
|1     |inst_rom      |         1|
|2     |data_ram      |         1|
+------+--------------+----------+

Report Cell Usage: 
+------+---------+------+
|      |Cell     |Count |
+------+---------+------+
|1     |data_ram |     1|
|2     |inst_rom |     1|
|3     |BUFG     |     1|
|4     |CARRY4   |    84|
|5     |LUT1     |   131|
|6     |LUT2     |    49|
|7     |LUT3     |   185|
|8     |LUT4     |    92|
|9     |LUT5     |   450|
|10    |LUT6     |  1255|
|11    |MUXF7    |   384|
|12    |MUXF8    |    32|
|13    |FDRE     |  1790|
|14    |FDSE     |     3|
|15    |IBUF     |    15|
|16    |OBUF     |   352|
+------+---------+------+

Report Instance Areas: 
+------+--------------------+---------+------+
|      |Instance            |Module   |Cells |
+------+--------------------+---------+------+
|1     |top                 |         |  4919|
|2     |  CU_module         |cu       |   119|
|3     |  EXE_module        |exe      |   496|
|4     |    multiply_module |multiply |   496|
|5     |  IF_module         |fetch    |   105|
|6     |  MEM_module        |mem      |     2|
|7     |  WB_module         |wb       |   198|
|8     |  rf_module         |regfile  |  2436|
+------+--------------------+---------+------+
---------------------------------------------------------------------------------
Finished Writing Synthesis Report : Time (s): cpu = 00:00:37 ; elapsed = 00:00:39 . Memory (MB): peak = 852.648 ; gain = 591.621
---------------------------------------------------------------------------------
Synthesis finished with 0 errors, 1 critical warnings and 36 warnings.
Synthesis Optimization Runtime : Time (s): cpu = 00:00:26 ; elapsed = 00:00:31 . Memory (MB): peak = 852.648 ; gain = 193.488
Synthesis Optimization Complete : Time (s): cpu = 00:00:37 ; elapsed = 00:00:39 . Memory (MB): peak = 852.648 ; gain = 591.621
INFO: [Project 1-571] Translating synthesized netlist
INFO: [Netlist 29-17] Analyzing 500 Unisim elements for replacement
INFO: [Netlist 29-28] Unisim Transformation completed in 0 CPU seconds
INFO: [Project 1-570] Preparing netlist for logic optimization
INFO: [Opt 31-138] Pushed 0 inverter(s) to 0 load pin(s).
Netlist sorting complete. Time (s): cpu = 00:00:00 ; elapsed = 00:00:00.002 . Memory (MB): peak = 852.648 ; gain = 0.000
INFO: [Project 1-111] Unisim Transformation Summary:
No Unisim elements were transformed.

INFO: [Common 17-83] Releasing license: Synthesis
76 Infos, 118 Warnings, 1 Critical Warnings and 0 Errors encountered.
synth_design completed successfully
synth_design: Time (s): cpu = 00:00:40 ; elapsed = 00:00:42 . Memory (MB): peak = 852.648 ; gain = 591.621
Netlist sorting complete. Time (s): cpu = 00:00:00 ; elapsed = 00:00:00.002 . Memory (MB): peak = 852.648 ; gain = 0.000
WARNING: [Constraints 18-5210] No constraints selected for write.
Resolution: This message can indicate that there are no constraints for the design, or it can indicate that the used_in flags are set such that the constraints are ignored. This later case is used when running synth_design to not write synthesis constraints to the resulting checkpoint. Instead, project constraints are read when the synthesized design is opened.
INFO: [Common 17-1381] The checkpoint 'D:/Users/12037/Desktop/Loongson cup/loongson_MIPS_demo/pipeline_CU_cpu/pipeline_cpu.runs/synth_1/pipeline_cpu.dcp' has been generated.
INFO: [runtcl-4] Executing : report_utilization -file pipeline_cpu_utilization_synth.rpt -pb pipeline_cpu_utilization_synth.pb
INFO: [Common 17-206] Exiting Vivado at Fri May  3 09:58:18 2019...
